[Info  - 7:46:30 PM] Using tsserver from: /usr/share/code/resources/app/extensions/node_modules/typescript/lib
[Info  - 7:46:30 PM] Forking TSServer
PATH: /usr/local/sbin:/usr/local/bin:/usr/sbin:/usr/bin:/sbin:/bin:/snap/bin
[Info  - 7:46:31 PM] Started TSServer
[Error  - 8:10:25 PM] 'occurrences' request failed with error.
Error processing request. Debug Failure. Invalid container kind.
Error: Debug Failure. Invalid container kind.
    at getNodesToSearchForModifier (/usr/share/code/resources/app/extensions/node_modules/typescript/lib/tsserver.js:70362:30)
    at getModifierOccurrences (/usr/share/code/resources/app/extensions/node_modules/typescript/lib/tsserver.js:70321:34)
    at getHighlightSpans (/usr/share/code/resources/app/extensions/node_modules/typescript/lib/tsserver.js:70246:42)
    at getSyntacticDocumentHighlights (/usr/share/code/resources/app/extensions/node_modules/typescript/lib/tsserver.js:70210:34)
    at Object.getDocumentHighlights (/usr/share/code/resources/app/extensions/node_modules/typescript/lib/tsserver.js:70189:118)
    at getDocumentHighlights (/usr/share/code/resources/app/extensions/node_modules/typescript/lib/tsserver.js:84687:42)
    at Object.getOccurrencesAtPosition (/usr/share/code/resources/app/extensions/node_modules/typescript/lib/tsserver.js:84672:31)
    at IOSession.Session.getOccurrences (/usr/share/code/resources/app/extensions/node_modules/typescript/lib/tsserver.js:91137:64)
    at Session.handlers.ts.createMapFromTemplate._a.(anonymous function) (/usr/share/code/resources/app/extensions/node_modules/typescript/lib/tsserver.js:90743:61)
    at /usr/share/code/resources/app/extensions/node_modules/typescript/lib/tsserver.js:92067:88
    at IOSession.Session.executeWithRequestId (/usr/share/code/resources/app/extensions/node_modules/typescript/lib/tsserver.js:92058:28)
    at IOSession.Session.executeCommand (/usr/share/code/resources/app/extensions/node_modules/typescript/lib/tsserver.js:92067:33)
    at IOSession.Session.onMessage (/usr/share/code/resources/app/extensions/node_modules/typescript/lib/tsserver.js:92087:35)
    at Interface.<anonymous> (/usr/share/code/resources/app/extensions/node_modules/typescript/lib/tsserver.js:93288:27)
    at emitOne (events.js:96:13)
    at Interface.emit (events.js:191:7)
    at Interface._onLine (readline.js:241:10)
    at Interface._normalWrite (readline.js:384:12)
    at Socket.ondata (readline.js:101:10)
    at emitOne (events.js:96:13)
    at Socket.emit (events.js:191:7)
    at readableAddChunk (_stream_readable.js:178:18)
    at Socket.Readable.push (_stream_readable.js:136:10)
    at Pipe.onread (net.js:560:20)
[Error  - 8:16:12 PM] 'occurrences' request failed with error.
Error processing request. Debug Failure. Invalid container kind.
Error: Debug Failure. Invalid container kind.
    at getNodesToSearchForModifier (/usr/share/code/resources/app/extensions/node_modules/typescript/lib/tsserver.js:70362:30)
    at getModifierOccurrences (/usr/share/code/resources/app/extensions/node_modules/typescript/lib/tsserver.js:70321:34)
    at getHighlightSpans (/usr/share/code/resources/app/extensions/node_modules/typescript/lib/tsserver.js:70246:42)
    at getSyntacticDocumentHighlights (/usr/share/code/resources/app/extensions/node_modules/typescript/lib/tsserver.js:70210:34)
    at Object.getDocumentHighlights (/usr/share/code/resources/app/extensions/node_modules/typescript/lib/tsserver.js:70189:118)
    at getDocumentHighlights (/usr/share/code/resources/app/extensions/node_modules/typescript/lib/tsserver.js:84687:42)
    at Object.getOccurrencesAtPosition (/usr/share/code/resources/app/extensions/node_modules/typescript/lib/tsserver.js:84672:31)
    at IOSession.Session.getOccurrences (/usr/share/code/resources/app/extensions/node_modules/typescript/lib/tsserver.js:91137:64)
    at Session.handlers.ts.createMapFromTemplate._a.(anonymous function) (/usr/share/code/resources/app/extensions/node_modules/typescript/lib/tsserver.js:90743:61)
    at /usr/share/code/resources/app/extensions/node_modules/typescript/lib/tsserver.js:92067:88
    at IOSession.Session.executeWithRequestId (/usr/share/code/resources/app/extensions/node_modules/typescript/lib/tsserver.js:92058:28)
    at IOSession.Session.executeCommand (/usr/share/code/resources/app/extensions/node_modules/typescript/lib/tsserver.js:92067:33)
    at IOSession.Session.onMessage (/usr/share/code/resources/app/extensions/node_modules/typescript/lib/tsserver.js:92087:35)
    at Interface.<anonymous> (/usr/share/code/resources/app/extensions/node_modules/typescript/lib/tsserver.js:93288:27)
    at emitOne (events.js:96:13)
    at Interface.emit (events.js:191:7)
    at Interface._onLine (readline.js:241:10)
    at Interface._normalWrite (readline.js:384:12)
    at Socket.ondata (readline.js:101:10)
    at emitOne (events.js:96:13)
    at Socket.emit (events.js:191:7)
    at readableAddChunk (_stream_readable.js:178:18)
    at Socket.Readable.push (_stream_readable.js:136:10)
    at Pipe.onread (net.js:560:20)
[Error  - 8:44:57 PM] 'occurrences' request failed with error.
Error processing request. Debug Failure. Invalid container kind.
Error: Debug Failure. Invalid container kind.
    at getNodesToSearchForModifier (/usr/share/code/resources/app/extensions/node_modules/typescript/lib/tsserver.js:70362:30)
    at getModifierOccurrences (/usr/share/code/resources/app/extensions/node_modules/typescript/lib/tsserver.js:70321:34)
    at getHighlightSpans (/usr/share/code/resources/app/extensions/node_modules/typescript/lib/tsserver.js:70246:42)
    at getSyntacticDocumentHighlights (/usr/share/code/resources/app/extensions/node_modules/typescript/lib/tsserver.js:70210:34)
    at Object.getDocumentHighlights (/usr/share/code/resources/app/extensions/node_modules/typescript/lib/tsserver.js:70189:118)
    at getDocumentHighlights (/usr/share/code/resources/app/extensions/node_modules/typescript/lib/tsserver.js:84687:42)
    at Object.getOccurrencesAtPosition (/usr/share/code/resources/app/extensions/node_modules/typescript/lib/tsserver.js:84672:31)
    at IOSession.Session.getOccurrences (/usr/share/code/resources/app/extensions/node_modules/typescript/lib/tsserver.js:91137:64)
    at Session.handlers.ts.createMapFromTemplate._a.(anonymous function) (/usr/share/code/resources/app/extensions/node_modules/typescript/lib/tsserver.js:90743:61)
    at /usr/share/code/resources/app/extensions/node_modules/typescript/lib/tsserver.js:92067:88
    at IOSession.Session.executeWithRequestId (/usr/share/code/resources/app/extensions/node_modules/typescript/lib/tsserver.js:92058:28)
    at IOSession.Session.executeCommand (/usr/share/code/resources/app/extensions/node_modules/typescript/lib/tsserver.js:92067:33)
    at IOSession.Session.onMessage (/usr/share/code/resources/app/extensions/node_modules/typescript/lib/tsserver.js:92087:35)
    at Interface.<anonymous> (/usr/share/code/resources/app/extensions/node_modules/typescript/lib/tsserver.js:93288:27)
    at emitOne (events.js:96:13)
    at Interface.emit (events.js:191:7)
    at Interface._onLine (readline.js:241:10)
    at Interface._normalWrite (readline.js:384:12)
    at Socket.ondata (readline.js:101:10)
    at emitOne (events.js:96:13)
    at Socket.emit (events.js:191:7)
    at readableAddChunk (_stream_readable.js:178:18)
    at Socket.Readable.push (_stream_readable.js:136:10)
    at Pipe.onread (net.js:560:20)
[Error  - 8:46:24 PM] 'occurrences' request failed with error.
Error processing request. Debug Failure. Invalid container kind.
Error: Debug Failure. Invalid container kind.
    at getNodesToSearchForModifier (/usr/share/code/resources/app/extensions/node_modules/typescript/lib/tsserver.js:70362:30)
    at getModifierOccurrences (/usr/share/code/resources/app/extensions/node_modules/typescript/lib/tsserver.js:70321:34)
    at getHighlightSpans (/usr/share/code/resources/app/extensions/node_modules/typescript/lib/tsserver.js:70246:42)
    at getSyntacticDocumentHighlights (/usr/share/code/resources/app/extensions/node_modules/typescript/lib/tsserver.js:70210:34)
    at Object.getDocumentHighlights (/usr/share/code/resources/app/extensions/node_modules/typescript/lib/tsserver.js:70189:118)
    at getDocumentHighlights (/usr/share/code/resources/app/extensions/node_modules/typescript/lib/tsserver.js:84687:42)
    at Object.getOccurrencesAtPosition (/usr/share/code/resources/app/extensions/node_modules/typescript/lib/tsserver.js:84672:31)
    at IOSession.Session.getOccurrences (/usr/share/code/resources/app/extensions/node_modules/typescript/lib/tsserver.js:91137:64)
    at Session.handlers.ts.createMapFromTemplate._a.(anonymous function) (/usr/share/code/resources/app/extensions/node_modules/typescript/lib/tsserver.js:90743:61)
    at /usr/share/code/resources/app/extensions/node_modules/typescript/lib/tsserver.js:92067:88
    at IOSession.Session.executeWithRequestId (/usr/share/code/resources/app/extensions/node_modules/typescript/lib/tsserver.js:92058:28)
    at IOSession.Session.executeCommand (/usr/share/code/resources/app/extensions/node_modules/typescript/lib/tsserver.js:92067:33)
    at IOSession.Session.onMessage (/usr/share/code/resources/app/extensions/node_modules/typescript/lib/tsserver.js:92087:35)
    at Interface.<anonymous> (/usr/share/code/resources/app/extensions/node_modules/typescript/lib/tsserver.js:93288:27)
    at emitOne (events.js:96:13)
    at Interface.emit (events.js:191:7)
    at Interface._onLine (readline.js:241:10)
    at Interface._normalWrite (readline.js:384:12)
    at Socket.ondata (readline.js:101:10)
    at emitOne (events.js:96:13)
    at Socket.emit (events.js:191:7)
    at readableAddChunk (_stream_readable.js:178:18)
    at Socket.Readable.push (_stream_readable.js:136:10)
    at Pipe.onread (net.js:560:20)
[Error  - 8:46:48 PM] 'occurrences' request failed with error.
Error processing request. Debug Failure. Invalid container kind.
Error: Debug Failure. Invalid container kind.
    at getNodesToSearchForModifier (/usr/share/code/resources/app/extensions/node_modules/typescript/lib/tsserver.js:70362:30)
    at getModifierOccurrences (/usr/share/code/resources/app/extensions/node_modules/typescript/lib/tsserver.js:70321:34)
    at getHighlightSpans (/usr/share/code/resources/app/extensions/node_modules/typescript/lib/tsserver.js:70246:42)
    at getSyntacticDocumentHighlights (/usr/share/code/resources/app/extensions/node_modules/typescript/lib/tsserver.js:70210:34)
    at Object.getDocumentHighlights (/usr/share/code/resources/app/extensions/node_modules/typescript/lib/tsserver.js:70189:118)
    at getDocumentHighlights (/usr/share/code/resources/app/extensions/node_modules/typescript/lib/tsserver.js:84687:42)
    at Object.getOccurrencesAtPosition (/usr/share/code/resources/app/extensions/node_modules/typescript/lib/tsserver.js:84672:31)
    at IOSession.Session.getOccurrences (/usr/share/code/resources/app/extensions/node_modules/typescript/lib/tsserver.js:91137:64)
    at Session.handlers.ts.createMapFromTemplate._a.(anonymous function) (/usr/share/code/resources/app/extensions/node_modules/typescript/lib/tsserver.js:90743:61)
    at /usr/share/code/resources/app/extensions/node_modules/typescript/lib/tsserver.js:92067:88
    at IOSession.Session.executeWithRequestId (/usr/share/code/resources/app/extensions/node_modules/typescript/lib/tsserver.js:92058:28)
    at IOSession.Session.executeCommand (/usr/share/code/resources/app/extensions/node_modules/typescript/lib/tsserver.js:92067:33)
    at IOSession.Session.onMessage (/usr/share/code/resources/app/extensions/node_modules/typescript/lib/tsserver.js:92087:35)
    at Interface.<anonymous> (/usr/share/code/resources/app/extensions/node_modules/typescript/lib/tsserver.js:93288:27)
    at emitOne (events.js:96:13)
    at Interface.emit (events.js:191:7)
    at Interface._onLine (readline.js:241:10)
    at Interface._normalWrite (readline.js:384:12)
    at Socket.ondata (readline.js:101:10)
    at emitOne (events.js:96:13)
    at Socket.emit (events.js:191:7)
    at readableAddChunk (_stream_readable.js:178:18)
    at Socket.Readable.push (_stream_readable.js:136:10)
    at Pipe.onread (net.js:560:20)
[Error  - 8:46:48 PM] 'occurrences' request failed with error.
Error processing request. Debug Failure. Invalid container kind.
Error: Debug Failure. Invalid container kind.
    at getNodesToSearchForModifier (/usr/share/code/resources/app/extensions/node_modules/typescript/lib/tsserver.js:70362:30)
    at getModifierOccurrences (/usr/share/code/resources/app/extensions/node_modules/typescript/lib/tsserver.js:70321:34)
    at getHighlightSpans (/usr/share/code/resources/app/extensions/node_modules/typescript/lib/tsserver.js:70246:42)
    at getSyntacticDocumentHighlights (/usr/share/code/resources/app/extensions/node_modules/typescript/lib/tsserver.js:70210:34)
    at Object.getDocumentHighlights (/usr/share/code/resources/app/extensions/node_modules/typescript/lib/tsserver.js:70189:118)
    at getDocumentHighlights (/usr/share/code/resources/app/extensions/node_modules/typescript/lib/tsserver.js:84687:42)
    at Object.getOccurrencesAtPosition (/usr/share/code/resources/app/extensions/node_modules/typescript/lib/tsserver.js:84672:31)
    at IOSession.Session.getOccurrences (/usr/share/code/resources/app/extensions/node_modules/typescript/lib/tsserver.js:91137:64)
    at Session.handlers.ts.createMapFromTemplate._a.(anonymous function) (/usr/share/code/resources/app/extensions/node_modules/typescript/lib/tsserver.js:90743:61)
    at /usr/share/code/resources/app/extensions/node_modules/typescript/lib/tsserver.js:92067:88
    at IOSession.Session.executeWithRequestId (/usr/share/code/resources/app/extensions/node_modules/typescript/lib/tsserver.js:92058:28)
    at IOSession.Session.executeCommand (/usr/share/code/resources/app/extensions/node_modules/typescript/lib/tsserver.js:92067:33)
    at IOSession.Session.onMessage (/usr/share/code/resources/app/extensions/node_modules/typescript/lib/tsserver.js:92087:35)
    at Interface.<anonymous> (/usr/share/code/resources/app/extensions/node_modules/typescript/lib/tsserver.js:93288:27)
    at emitOne (events.js:96:13)
    at Interface.emit (events.js:191:7)
    at Interface._onLine (readline.js:241:10)
    at Interface._normalWrite (readline.js:384:12)
    at Socket.ondata (readline.js:101:10)
    at emitOne (events.js:96:13)
    at Socket.emit (events.js:191:7)
    at readableAddChunk (_stream_readable.js:178:18)
    at Socket.Readable.push (_stream_readable.js:136:10)
    at Pipe.onread (net.js:560:20)
[Error  - 8:46:48 PM] 'occurrences' request failed with error.
Error processing request. Debug Failure. Invalid container kind.
Error: Debug Failure. Invalid container kind.
    at getNodesToSearchForModifier (/usr/share/code/resources/app/extensions/node_modules/typescript/lib/tsserver.js:70362:30)
    at getModifierOccurrences (/usr/share/code/resources/app/extensions/node_modules/typescript/lib/tsserver.js:70321:34)
    at getHighlightSpans (/usr/share/code/resources/app/extensions/node_modules/typescript/lib/tsserver.js:70246:42)
    at getSyntacticDocumentHighlights (/usr/share/code/resources/app/extensions/node_modules/typescript/lib/tsserver.js:70210:34)
    at Object.getDocumentHighlights (/usr/share/code/resources/app/extensions/node_modules/typescript/lib/tsserver.js:70189:118)
    at getDocumentHighlights (/usr/share/code/resources/app/extensions/node_modules/typescript/lib/tsserver.js:84687:42)
    at Object.getOccurrencesAtPosition (/usr/share/code/resources/app/extensions/node_modules/typescript/lib/tsserver.js:84672:31)
    at IOSession.Session.getOccurrences (/usr/share/code/resources/app/extensions/node_modules/typescript/lib/tsserver.js:91137:64)
    at Session.handlers.ts.createMapFromTemplate._a.(anonymous function) (/usr/share/code/resources/app/extensions/node_modules/typescript/lib/tsserver.js:90743:61)
    at /usr/share/code/resources/app/extensions/node_modules/typescript/lib/tsserver.js:92067:88
    at IOSession.Session.executeWithRequestId (/usr/share/code/resources/app/extensions/node_modules/typescript/lib/tsserver.js:92058:28)
    at IOSession.Session.executeCommand (/usr/share/code/resources/app/extensions/node_modules/typescript/lib/tsserver.js:92067:33)
    at IOSession.Session.onMessage (/usr/share/code/resources/app/extensions/node_modules/typescript/lib/tsserver.js:92087:35)
    at Interface.<anonymous> (/usr/share/code/resources/app/extensions/node_modules/typescript/lib/tsserver.js:93288:27)
    at emitOne (events.js:96:13)
    at Interface.emit (events.js:191:7)
    at Interface._onLine (readline.js:241:10)
    at Interface._normalWrite (readline.js:384:12)
    at Socket.ondata (readline.js:101:10)
    at emitOne (events.js:96:13)
    at Socket.emit (events.js:191:7)
    at readableAddChunk (_stream_readable.js:178:18)
    at Socket.Readable.push (_stream_readable.js:136:10)
    at Pipe.onread (net.js:560:20)
[Error  - 8:46:49 PM] 'occurrences' request failed with error.
Error processing request. Debug Failure. Invalid container kind.
Error: Debug Failure. Invalid container kind.
    at getNodesToSearchForModifier (/usr/share/code/resources/app/extensions/node_modules/typescript/lib/tsserver.js:70362:30)
    at getModifierOccurrences (/usr/share/code/resources/app/extensions/node_modules/typescript/lib/tsserver.js:70321:34)
    at getHighlightSpans (/usr/share/code/resources/app/extensions/node_modules/typescript/lib/tsserver.js:70246:42)
    at getSyntacticDocumentHighlights (/usr/share/code/resources/app/extensions/node_modules/typescript/lib/tsserver.js:70210:34)
    at Object.getDocumentHighlights (/usr/share/code/resources/app/extensions/node_modules/typescript/lib/tsserver.js:70189:118)
    at getDocumentHighlights (/usr/share/code/resources/app/extensions/node_modules/typescript/lib/tsserver.js:84687:42)
    at Object.getOccurrencesAtPosition (/usr/share/code/resources/app/extensions/node_modules/typescript/lib/tsserver.js:84672:31)
    at IOSession.Session.getOccurrences (/usr/share/code/resources/app/extensions/node_modules/typescript/lib/tsserver.js:91137:64)
    at Session.handlers.ts.createMapFromTemplate._a.(anonymous function) (/usr/share/code/resources/app/extensions/node_modules/typescript/lib/tsserver.js:90743:61)
    at /usr/share/code/resources/app/extensions/node_modules/typescript/lib/tsserver.js:92067:88
    at IOSession.Session.executeWithRequestId (/usr/share/code/resources/app/extensions/node_modules/typescript/lib/tsserver.js:92058:28)
    at IOSession.Session.executeCommand (/usr/share/code/resources/app/extensions/node_modules/typescript/lib/tsserver.js:92067:33)
    at IOSession.Session.onMessage (/usr/share/code/resources/app/extensions/node_modules/typescript/lib/tsserver.js:92087:35)
    at Interface.<anonymous> (/usr/share/code/resources/app/extensions/node_modules/typescript/lib/tsserver.js:93288:27)
    at emitOne (events.js:96:13)
    at Interface.emit (events.js:191:7)
    at Interface._onLine (readline.js:241:10)
    at Interface._normalWrite (readline.js:384:12)
    at Socket.ondata (readline.js:101:10)
    at emitOne (events.js:96:13)
    at Socket.emit (events.js:191:7)
    at readableAddChunk (_stream_readable.js:178:18)
    at Socket.Readable.push (_stream_readable.js:136:10)
    at Pipe.onread (net.js:560:20)
[Error  - 8:46:49 PM] 'occurrences' request failed with error.
Error processing request. Debug Failure. Invalid container kind.
Error: Debug Failure. Invalid container kind.
    at getNodesToSearchForModifier (/usr/share/code/resources/app/extensions/node_modules/typescript/lib/tsserver.js:70362:30)
    at getModifierOccurrences (/usr/share/code/resources/app/extensions/node_modules/typescript/lib/tsserver.js:70321:34)
    at getHighlightSpans (/usr/share/code/resources/app/extensions/node_modules/typescript/lib/tsserver.js:70246:42)
    at getSyntacticDocumentHighlights (/usr/share/code/resources/app/extensions/node_modules/typescript/lib/tsserver.js:70210:34)
    at Object.getDocumentHighlights (/usr/share/code/resources/app/extensions/node_modules/typescript/lib/tsserver.js:70189:118)
    at getDocumentHighlights (/usr/share/code/resources/app/extensions/node_modules/typescript/lib/tsserver.js:84687:42)
    at Object.getOccurrencesAtPosition (/usr/share/code/resources/app/extensions/node_modules/typescript/lib/tsserver.js:84672:31)
    at IOSession.Session.getOccurrences (/usr/share/code/resources/app/extensions/node_modules/typescript/lib/tsserver.js:91137:64)
    at Session.handlers.ts.createMapFromTemplate._a.(anonymous function) (/usr/share/code/resources/app/extensions/node_modules/typescript/lib/tsserver.js:90743:61)
    at /usr/share/code/resources/app/extensions/node_modules/typescript/lib/tsserver.js:92067:88
    at IOSession.Session.executeWithRequestId (/usr/share/code/resources/app/extensions/node_modules/typescript/lib/tsserver.js:92058:28)
    at IOSession.Session.executeCommand (/usr/share/code/resources/app/extensions/node_modules/typescript/lib/tsserver.js:92067:33)
    at IOSession.Session.onMessage (/usr/share/code/resources/app/extensions/node_modules/typescript/lib/tsserver.js:92087:35)
    at Interface.<anonymous> (/usr/share/code/resources/app/extensions/node_modules/typescript/lib/tsserver.js:93288:27)
    at emitOne (events.js:96:13)
    at Interface.emit (events.js:191:7)
    at Interface._onLine (readline.js:241:10)
    at Interface._normalWrite (readline.js:384:12)
    at Socket.ondata (readline.js:101:10)
    at emitOne (events.js:96:13)
    at Socket.emit (events.js:191:7)
    at readableAddChunk (_stream_readable.js:178:18)
    at Socket.Readable.push (_stream_readable.js:136:10)
    at Pipe.onread (net.js:560:20)
[Error  - 8:46:49 PM] 'occurrences' request failed with error.
Error processing request. Debug Failure. Invalid container kind.
Error: Debug Failure. Invalid container kind.
    at getNodesToSearchForModifier (/usr/share/code/resources/app/extensions/node_modules/typescript/lib/tsserver.js:70362:30)
    at getModifierOccurrences (/usr/share/code/resources/app/extensions/node_modules/typescript/lib/tsserver.js:70321:34)
    at getHighlightSpans (/usr/share/code/resources/app/extensions/node_modules/typescript/lib/tsserver.js:70246:42)
    at getSyntacticDocumentHighlights (/usr/share/code/resources/app/extensions/node_modules/typescript/lib/tsserver.js:70210:34)
    at Object.getDocumentHighlights (/usr/share/code/resources/app/extensions/node_modules/typescript/lib/tsserver.js:70189:118)
    at getDocumentHighlights (/usr/share/code/resources/app/extensions/node_modules/typescript/lib/tsserver.js:84687:42)
    at Object.getOccurrencesAtPosition (/usr/share/code/resources/app/extensions/node_modules/typescript/lib/tsserver.js:84672:31)
    at IOSession.Session.getOccurrences (/usr/share/code/resources/app/extensions/node_modules/typescript/lib/tsserver.js:91137:64)
    at Session.handlers.ts.createMapFromTemplate._a.(anonymous function) (/usr/share/code/resources/app/extensions/node_modules/typescript/lib/tsserver.js:90743:61)
    at /usr/share/code/resources/app/extensions/node_modules/typescript/lib/tsserver.js:92067:88
    at IOSession.Session.executeWithRequestId (/usr/share/code/resources/app/extensions/node_modules/typescript/lib/tsserver.js:92058:28)
    at IOSession.Session.executeCommand (/usr/share/code/resources/app/extensions/node_modules/typescript/lib/tsserver.js:92067:33)
    at IOSession.Session.onMessage (/usr/share/code/resources/app/extensions/node_modules/typescript/lib/tsserver.js:92087:35)
    at Interface.<anonymous> (/usr/share/code/resources/app/extensions/node_modules/typescript/lib/tsserver.js:93288:27)
    at emitOne (events.js:96:13)
    at Interface.emit (events.js:191:7)
    at Interface._onLine (readline.js:241:10)
    at Interface._normalWrite (readline.js:384:12)
    at Socket.ondata (readline.js:101:10)
    at emitOne (events.js:96:13)
    at Socket.emit (events.js:191:7)
    at readableAddChunk (_stream_readable.js:178:18)
    at Socket.Readable.push (_stream_readable.js:136:10)
    at Pipe.onread (net.js:560:20)
[Error  - 9:15:18 PM] 'occurrences' request failed with error.
Error processing request. Debug Failure. Invalid container kind.
Error: Debug Failure. Invalid container kind.
    at getNodesToSearchForModifier (/usr/share/code/resources/app/extensions/node_modules/typescript/lib/tsserver.js:70362:30)
    at getModifierOccurrences (/usr/share/code/resources/app/extensions/node_modules/typescript/lib/tsserver.js:70321:34)
    at getHighlightSpans (/usr/share/code/resources/app/extensions/node_modules/typescript/lib/tsserver.js:70246:42)
    at getSyntacticDocumentHighlights (/usr/share/code/resources/app/extensions/node_modules/typescript/lib/tsserver.js:70210:34)
    at Object.getDocumentHighlights (/usr/share/code/resources/app/extensions/node_modules/typescript/lib/tsserver.js:70189:118)
    at getDocumentHighlights (/usr/share/code/resources/app/extensions/node_modules/typescript/lib/tsserver.js:84687:42)
    at Object.getOccurrencesAtPosition (/usr/share/code/resources/app/extensions/node_modules/typescript/lib/tsserver.js:84672:31)
    at IOSession.Session.getOccurrences (/usr/share/code/resources/app/extensions/node_modules/typescript/lib/tsserver.js:91137:64)
    at Session.handlers.ts.createMapFromTemplate._a.(anonymous function) (/usr/share/code/resources/app/extensions/node_modules/typescript/lib/tsserver.js:90743:61)
    at /usr/share/code/resources/app/extensions/node_modules/typescript/lib/tsserver.js:92067:88
    at IOSession.Session.executeWithRequestId (/usr/share/code/resources/app/extensions/node_modules/typescript/lib/tsserver.js:92058:28)
    at IOSession.Session.executeCommand (/usr/share/code/resources/app/extensions/node_modules/typescript/lib/tsserver.js:92067:33)
    at IOSession.Session.onMessage (/usr/share/code/resources/app/extensions/node_modules/typescript/lib/tsserver.js:92087:35)
    at Interface.<anonymous> (/usr/share/code/resources/app/extensions/node_modules/typescript/lib/tsserver.js:93288:27)
    at emitOne (events.js:96:13)
    at Interface.emit (events.js:191:7)
    at Interface._onLine (readline.js:241:10)
    at Interface._normalWrite (readline.js:384:12)
    at Socket.ondata (readline.js:101:10)
    at emitOne (events.js:96:13)
    at Socket.emit (events.js:191:7)
    at readableAddChunk (_stream_readable.js:178:18)
    at Socket.Readable.push (_stream_readable.js:136:10)
    at Pipe.onread (net.js:560:20)
[Error  - 9:08:13 AM] 'occurrences' request failed with error.
Error processing request. Debug Failure. Invalid container kind.
Error: Debug Failure. Invalid container kind.
    at getNodesToSearchForModifier (/usr/share/code/resources/app/extensions/node_modules/typescript/lib/tsserver.js:70362:30)
    at getModifierOccurrences (/usr/share/code/resources/app/extensions/node_modules/typescript/lib/tsserver.js:70321:34)
    at getHighlightSpans (/usr/share/code/resources/app/extensions/node_modules/typescript/lib/tsserver.js:70246:42)
    at getSyntacticDocumentHighlights (/usr/share/code/resources/app/extensions/node_modules/typescript/lib/tsserver.js:70210:34)
    at Object.getDocumentHighlights (/usr/share/code/resources/app/extensions/node_modules/typescript/lib/tsserver.js:70189:118)
    at getDocumentHighlights (/usr/share/code/resources/app/extensions/node_modules/typescript/lib/tsserver.js:84687:42)
    at Object.getOccurrencesAtPosition (/usr/share/code/resources/app/extensions/node_modules/typescript/lib/tsserver.js:84672:31)
    at IOSession.Session.getOccurrences (/usr/share/code/resources/app/extensions/node_modules/typescript/lib/tsserver.js:91137:64)
    at Session.handlers.ts.createMapFromTemplate._a.(anonymous function) (/usr/share/code/resources/app/extensions/node_modules/typescript/lib/tsserver.js:90743:61)
    at /usr/share/code/resources/app/extensions/node_modules/typescript/lib/tsserver.js:92067:88
    at IOSession.Session.executeWithRequestId (/usr/share/code/resources/app/extensions/node_modules/typescript/lib/tsserver.js:92058:28)
    at IOSession.Session.executeCommand (/usr/share/code/resources/app/extensions/node_modules/typescript/lib/tsserver.js:92067:33)
    at IOSession.Session.onMessage (/usr/share/code/resources/app/extensions/node_modules/typescript/lib/tsserver.js:92087:35)
    at Interface.<anonymous> (/usr/share/code/resources/app/extensions/node_modules/typescript/lib/tsserver.js:93288:27)
    at emitOne (events.js:96:13)
    at Interface.emit (events.js:191:7)
    at Interface._onLine (readline.js:241:10)
    at Interface._normalWrite (readline.js:384:12)
    at Socket.ondata (readline.js:101:10)
    at emitOne (events.js:96:13)
    at Socket.emit (events.js:191:7)
    at readableAddChunk (_stream_readable.js:178:18)
    at Socket.Readable.push (_stream_readable.js:136:10)
    at Pipe.onread (net.js:560:20)
[Error  - 9:08:18 AM] 'occurrences' request failed with error.
Error processing request. Debug Failure. Invalid container kind.
Error: Debug Failure. Invalid container kind.
    at getNodesToSearchForModifier (/usr/share/code/resources/app/extensions/node_modules/typescript/lib/tsserver.js:70362:30)
    at getModifierOccurrences (/usr/share/code/resources/app/extensions/node_modules/typescript/lib/tsserver.js:70321:34)
    at getHighlightSpans (/usr/share/code/resources/app/extensions/node_modules/typescript/lib/tsserver.js:70246:42)
    at getSyntacticDocumentHighlights (/usr/share/code/resources/app/extensions/node_modules/typescript/lib/tsserver.js:70210:34)
    at Object.getDocumentHighlights (/usr/share/code/resources/app/extensions/node_modules/typescript/lib/tsserver.js:70189:118)
    at getDocumentHighlights (/usr/share/code/resources/app/extensions/node_modules/typescript/lib/tsserver.js:84687:42)
    at Object.getOccurrencesAtPosition (/usr/share/code/resources/app/extensions/node_modules/typescript/lib/tsserver.js:84672:31)
    at IOSession.Session.getOccurrences (/usr/share/code/resources/app/extensions/node_modules/typescript/lib/tsserver.js:91137:64)
    at Session.handlers.ts.createMapFromTemplate._a.(anonymous function) (/usr/share/code/resources/app/extensions/node_modules/typescript/lib/tsserver.js:90743:61)
    at /usr/share/code/resources/app/extensions/node_modules/typescript/lib/tsserver.js:92067:88
    at IOSession.Session.executeWithRequestId (/usr/share/code/resources/app/extensions/node_modules/typescript/lib/tsserver.js:92058:28)
    at IOSession.Session.executeCommand (/usr/share/code/resources/app/extensions/node_modules/typescript/lib/tsserver.js:92067:33)
    at IOSession.Session.onMessage (/usr/share/code/resources/app/extensions/node_modules/typescript/lib/tsserver.js:92087:35)
    at Interface.<anonymous> (/usr/share/code/resources/app/extensions/node_modules/typescript/lib/tsserver.js:93288:27)
    at emitOne (events.js:96:13)
    at Interface.emit (events.js:191:7)
    at Interface._onLine (readline.js:241:10)
    at Interface._normalWrite (readline.js:384:12)
    at Socket.ondata (readline.js:101:10)
    at emitOne (events.js:96:13)
    at Socket.emit (events.js:191:7)
    at readableAddChunk (_stream_readable.js:178:18)
    at Socket.Readable.push (_stream_readable.js:136:10)
    at Pipe.onread (net.js:560:20)
[Error  - 9:08:19 AM] 'occurrences' request failed with error.
Error processing request. Debug Failure. Invalid container kind.
Error: Debug Failure. Invalid container kind.
    at getNodesToSearchForModifier (/usr/share/code/resources/app/extensions/node_modules/typescript/lib/tsserver.js:70362:30)
    at getModifierOccurrences (/usr/share/code/resources/app/extensions/node_modules/typescript/lib/tsserver.js:70321:34)
    at getHighlightSpans (/usr/share/code/resources/app/extensions/node_modules/typescript/lib/tsserver.js:70246:42)
    at getSyntacticDocumentHighlights (/usr/share/code/resources/app/extensions/node_modules/typescript/lib/tsserver.js:70210:34)
    at Object.getDocumentHighlights (/usr/share/code/resources/app/extensions/node_modules/typescript/lib/tsserver.js:70189:118)
    at getDocumentHighlights (/usr/share/code/resources/app/extensions/node_modules/typescript/lib/tsserver.js:84687:42)
    at Object.getOccurrencesAtPosition (/usr/share/code/resources/app/extensions/node_modules/typescript/lib/tsserver.js:84672:31)
    at IOSession.Session.getOccurrences (/usr/share/code/resources/app/extensions/node_modules/typescript/lib/tsserver.js:91137:64)
    at Session.handlers.ts.createMapFromTemplate._a.(anonymous function) (/usr/share/code/resources/app/extensions/node_modules/typescript/lib/tsserver.js:90743:61)
    at /usr/share/code/resources/app/extensions/node_modules/typescript/lib/tsserver.js:92067:88
    at IOSession.Session.executeWithRequestId (/usr/share/code/resources/app/extensions/node_modules/typescript/lib/tsserver.js:92058:28)
    at IOSession.Session.executeCommand (/usr/share/code/resources/app/extensions/node_modules/typescript/lib/tsserver.js:92067:33)
    at IOSession.Session.onMessage (/usr/share/code/resources/app/extensions/node_modules/typescript/lib/tsserver.js:92087:35)
    at Interface.<anonymous> (/usr/share/code/resources/app/extensions/node_modules/typescript/lib/tsserver.js:93288:27)
    at emitOne (events.js:96:13)
    at Interface.emit (events.js:191:7)
    at Interface._onLine (readline.js:241:10)
    at Interface._normalWrite (readline.js:384:12)
    at Socket.ondata (readline.js:101:10)
    at emitOne (events.js:96:13)
    at Socket.emit (events.js:191:7)
    at readableAddChunk (_stream_readable.js:178:18)
    at Socket.Readable.push (_stream_readable.js:136:10)
    at Pipe.onread (net.js:560:20)
[Error  - 9:08:21 AM] 'occurrences' request failed with error.
Error processing request. Debug Failure. Invalid container kind.
Error: Debug Failure. Invalid container kind.
    at getNodesToSearchForModifier (/usr/share/code/resources/app/extensions/node_modules/typescript/lib/tsserver.js:70362:30)
    at getModifierOccurrences (/usr/share/code/resources/app/extensions/node_modules/typescript/lib/tsserver.js:70321:34)
    at getHighlightSpans (/usr/share/code/resources/app/extensions/node_modules/typescript/lib/tsserver.js:70246:42)
    at getSyntacticDocumentHighlights (/usr/share/code/resources/app/extensions/node_modules/typescript/lib/tsserver.js:70210:34)
    at Object.getDocumentHighlights (/usr/share/code/resources/app/extensions/node_modules/typescript/lib/tsserver.js:70189:118)
    at getDocumentHighlights (/usr/share/code/resources/app/extensions/node_modules/typescript/lib/tsserver.js:84687:42)
    at Object.getOccurrencesAtPosition (/usr/share/code/resources/app/extensions/node_modules/typescript/lib/tsserver.js:84672:31)
    at IOSession.Session.getOccurrences (/usr/share/code/resources/app/extensions/node_modules/typescript/lib/tsserver.js:91137:64)
    at Session.handlers.ts.createMapFromTemplate._a.(anonymous function) (/usr/share/code/resources/app/extensions/node_modules/typescript/lib/tsserver.js:90743:61)
    at /usr/share/code/resources/app/extensions/node_modules/typescript/lib/tsserver.js:92067:88
    at IOSession.Session.executeWithRequestId (/usr/share/code/resources/app/extensions/node_modules/typescript/lib/tsserver.js:92058:28)
    at IOSession.Session.executeCommand (/usr/share/code/resources/app/extensions/node_modules/typescript/lib/tsserver.js:92067:33)
    at IOSession.Session.onMessage (/usr/share/code/resources/app/extensions/node_modules/typescript/lib/tsserver.js:92087:35)
    at Interface.<anonymous> (/usr/share/code/resources/app/extensions/node_modules/typescript/lib/tsserver.js:93288:27)
    at emitOne (events.js:96:13)
    at Interface.emit (events.js:191:7)
    at Interface._onLine (readline.js:241:10)
    at Interface._normalWrite (readline.js:384:12)
    at Socket.ondata (readline.js:101:10)
    at emitOne (events.js:96:13)
    at Socket.emit (events.js:191:7)
    at readableAddChunk (_stream_readable.js:178:18)
    at Socket.Readable.push (_stream_readable.js:136:10)
    at Pipe.onread (net.js:560:20)
[Error  - 12:36:25 PM] 'occurrences' request failed with error.
Error processing request. Debug Failure. Invalid container kind.
Error: Debug Failure. Invalid container kind.
    at getNodesToSearchForModifier (/usr/share/code/resources/app/extensions/node_modules/typescript/lib/tsserver.js:70362:30)
    at getModifierOccurrences (/usr/share/code/resources/app/extensions/node_modules/typescript/lib/tsserver.js:70321:34)
    at getHighlightSpans (/usr/share/code/resources/app/extensions/node_modules/typescript/lib/tsserver.js:70246:42)
    at getSyntacticDocumentHighlights (/usr/share/code/resources/app/extensions/node_modules/typescript/lib/tsserver.js:70210:34)
    at Object.getDocumentHighlights (/usr/share/code/resources/app/extensions/node_modules/typescript/lib/tsserver.js:70189:118)
    at getDocumentHighlights (/usr/share/code/resources/app/extensions/node_modules/typescript/lib/tsserver.js:84687:42)
    at Object.getOccurrencesAtPosition (/usr/share/code/resources/app/extensions/node_modules/typescript/lib/tsserver.js:84672:31)
    at IOSession.Session.getOccurrences (/usr/share/code/resources/app/extensions/node_modules/typescript/lib/tsserver.js:91137:64)
    at Session.handlers.ts.createMapFromTemplate._a.(anonymous function) (/usr/share/code/resources/app/extensions/node_modules/typescript/lib/tsserver.js:90743:61)
    at /usr/share/code/resources/app/extensions/node_modules/typescript/lib/tsserver.js:92067:88
    at IOSession.Session.executeWithRequestId (/usr/share/code/resources/app/extensions/node_modules/typescript/lib/tsserver.js:92058:28)
    at IOSession.Session.executeCommand (/usr/share/code/resources/app/extensions/node_modules/typescript/lib/tsserver.js:92067:33)
    at IOSession.Session.onMessage (/usr/share/code/resources/app/extensions/node_modules/typescript/lib/tsserver.js:92087:35)
    at Interface.<anonymous> (/usr/share/code/resources/app/extensions/node_modules/typescript/lib/tsserver.js:93288:27)
    at emitOne (events.js:96:13)
    at Interface.emit (events.js:191:7)
    at Interface._onLine (readline.js:241:10)
    at Interface._normalWrite (readline.js:384:12)
    at Socket.ondata (readline.js:101:10)
    at emitOne (events.js:96:13)
    at Socket.emit (events.js:191:7)
    at readableAddChunk (_stream_readable.js:178:18)
    at Socket.Readable.push (_stream_readable.js:136:10)
    at Pipe.onread (net.js:560:20)
[Error  - 12:53:59 PM] 'occurrences' request failed with error.
Error processing request. Debug Failure. Invalid container kind.
Error: Debug Failure. Invalid container kind.
    at getNodesToSearchForModifier (/usr/share/code/resources/app/extensions/node_modules/typescript/lib/tsserver.js:70362:30)
    at getModifierOccurrences (/usr/share/code/resources/app/extensions/node_modules/typescript/lib/tsserver.js:70321:34)
    at getHighlightSpans (/usr/share/code/resources/app/extensions/node_modules/typescript/lib/tsserver.js:70246:42)
    at getSyntacticDocumentHighlights (/usr/share/code/resources/app/extensions/node_modules/typescript/lib/tsserver.js:70210:34)
    at Object.getDocumentHighlights (/usr/share/code/resources/app/extensions/node_modules/typescript/lib/tsserver.js:70189:118)
    at getDocumentHighlights (/usr/share/code/resources/app/extensions/node_modules/typescript/lib/tsserver.js:84687:42)
    at Object.getOccurrencesAtPosition (/usr/share/code/resources/app/extensions/node_modules/typescript/lib/tsserver.js:84672:31)
    at IOSession.Session.getOccurrences (/usr/share/code/resources/app/extensions/node_modules/typescript/lib/tsserver.js:91137:64)
    at Session.handlers.ts.createMapFromTemplate._a.(anonymous function) (/usr/share/code/resources/app/extensions/node_modules/typescript/lib/tsserver.js:90743:61)
    at /usr/share/code/resources/app/extensions/node_modules/typescript/lib/tsserver.js:92067:88
    at IOSession.Session.executeWithRequestId (/usr/share/code/resources/app/extensions/node_modules/typescript/lib/tsserver.js:92058:28)
    at IOSession.Session.executeCommand (/usr/share/code/resources/app/extensions/node_modules/typescript/lib/tsserver.js:92067:33)
    at IOSession.Session.onMessage (/usr/share/code/resources/app/extensions/node_modules/typescript/lib/tsserver.js:92087:35)
    at Interface.<anonymous> (/usr/share/code/resources/app/extensions/node_modules/typescript/lib/tsserver.js:93288:27)
    at emitOne (events.js:96:13)
    at Interface.emit (events.js:191:7)
    at Interface._onLine (readline.js:241:10)
    at Interface._normalWrite (readline.js:384:12)
    at Socket.ondata (readline.js:101:10)
    at emitOne (events.js:96:13)
    at Socket.emit (events.js:191:7)
    at readableAddChunk (_stream_readable.js:178:18)
    at Socket.Readable.push (_stream_readable.js:136:10)
    at Pipe.onread (net.js:560:20)
[Error  - 12:54:00 PM] 'occurrences' request failed with error.
Error processing request. Debug Failure. Invalid container kind.
Error: Debug Failure. Invalid container kind.
    at getNodesToSearchForModifier (/usr/share/code/resources/app/extensions/node_modules/typescript/lib/tsserver.js:70362:30)
    at getModifierOccurrences (/usr/share/code/resources/app/extensions/node_modules/typescript/lib/tsserver.js:70321:34)
    at getHighlightSpans (/usr/share/code/resources/app/extensions/node_modules/typescript/lib/tsserver.js:70246:42)
    at getSyntacticDocumentHighlights (/usr/share/code/resources/app/extensions/node_modules/typescript/lib/tsserver.js:70210:34)
    at Object.getDocumentHighlights (/usr/share/code/resources/app/extensions/node_modules/typescript/lib/tsserver.js:70189:118)
    at getDocumentHighlights (/usr/share/code/resources/app/extensions/node_modules/typescript/lib/tsserver.js:84687:42)
    at Object.getOccurrencesAtPosition (/usr/share/code/resources/app/extensions/node_modules/typescript/lib/tsserver.js:84672:31)
    at IOSession.Session.getOccurrences (/usr/share/code/resources/app/extensions/node_modules/typescript/lib/tsserver.js:91137:64)
    at Session.handlers.ts.createMapFromTemplate._a.(anonymous function) (/usr/share/code/resources/app/extensions/node_modules/typescript/lib/tsserver.js:90743:61)
    at /usr/share/code/resources/app/extensions/node_modules/typescript/lib/tsserver.js:92067:88
    at IOSession.Session.executeWithRequestId (/usr/share/code/resources/app/extensions/node_modules/typescript/lib/tsserver.js:92058:28)
    at IOSession.Session.executeCommand (/usr/share/code/resources/app/extensions/node_modules/typescript/lib/tsserver.js:92067:33)
    at IOSession.Session.onMessage (/usr/share/code/resources/app/extensions/node_modules/typescript/lib/tsserver.js:92087:35)
    at Interface.<anonymous> (/usr/share/code/resources/app/extensions/node_modules/typescript/lib/tsserver.js:93288:27)
    at emitOne (events.js:96:13)
    at Interface.emit (events.js:191:7)
    at Interface._onLine (readline.js:241:10)
    at Interface._normalWrite (readline.js:384:12)
    at Socket.ondata (readline.js:101:10)
    at emitOne (events.js:96:13)
    at Socket.emit (events.js:191:7)
    at readableAddChunk (_stream_readable.js:178:18)
    at Socket.Readable.push (_stream_readable.js:136:10)
    at Pipe.onread (net.js:560:20)
[Error  - 1:06:22 PM] 'occurrences' request failed with error.
Error processing request. Debug Failure. Invalid container kind.
Error: Debug Failure. Invalid container kind.
    at getNodesToSearchForModifier (/usr/share/code/resources/app/extensions/node_modules/typescript/lib/tsserver.js:70362:30)
    at getModifierOccurrences (/usr/share/code/resources/app/extensions/node_modules/typescript/lib/tsserver.js:70321:34)
    at getHighlightSpans (/usr/share/code/resources/app/extensions/node_modules/typescript/lib/tsserver.js:70246:42)
    at getSyntacticDocumentHighlights (/usr/share/code/resources/app/extensions/node_modules/typescript/lib/tsserver.js:70210:34)
    at Object.getDocumentHighlights (/usr/share/code/resources/app/extensions/node_modules/typescript/lib/tsserver.js:70189:118)
    at getDocumentHighlights (/usr/share/code/resources/app/extensions/node_modules/typescript/lib/tsserver.js:84687:42)
    at Object.getOccurrencesAtPosition (/usr/share/code/resources/app/extensions/node_modules/typescript/lib/tsserver.js:84672:31)
    at IOSession.Session.getOccurrences (/usr/share/code/resources/app/extensions/node_modules/typescript/lib/tsserver.js:91137:64)
    at Session.handlers.ts.createMapFromTemplate._a.(anonymous function) (/usr/share/code/resources/app/extensions/node_modules/typescript/lib/tsserver.js:90743:61)
    at /usr/share/code/resources/app/extensions/node_modules/typescript/lib/tsserver.js:92067:88
    at IOSession.Session.executeWithRequestId (/usr/share/code/resources/app/extensions/node_modules/typescript/lib/tsserver.js:92058:28)
    at IOSession.Session.executeCommand (/usr/share/code/resources/app/extensions/node_modules/typescript/lib/tsserver.js:92067:33)
    at IOSession.Session.onMessage (/usr/share/code/resources/app/extensions/node_modules/typescript/lib/tsserver.js:92087:35)
    at Interface.<anonymous> (/usr/share/code/resources/app/extensions/node_modules/typescript/lib/tsserver.js:93288:27)
    at emitOne (events.js:96:13)
    at Interface.emit (events.js:191:7)
    at Interface._onLine (readline.js:241:10)
    at Interface._normalWrite (readline.js:384:12)
    at Socket.ondata (readline.js:101:10)
    at emitOne (events.js:96:13)
    at Socket.emit (events.js:191:7)
    at readableAddChunk (_stream_readable.js:178:18)
    at Socket.Readable.push (_stream_readable.js:136:10)
    at Pipe.onread (net.js:560:20)
[Error  - 1:41:15 PM] 'occurrences' request failed with error.
Error processing request. Debug Failure. Invalid container kind.
Error: Debug Failure. Invalid container kind.
    at getNodesToSearchForModifier (/usr/share/code/resources/app/extensions/node_modules/typescript/lib/tsserver.js:70362:30)
    at getModifierOccurrences (/usr/share/code/resources/app/extensions/node_modules/typescript/lib/tsserver.js:70321:34)
    at getHighlightSpans (/usr/share/code/resources/app/extensions/node_modules/typescript/lib/tsserver.js:70246:42)
    at getSyntacticDocumentHighlights (/usr/share/code/resources/app/extensions/node_modules/typescript/lib/tsserver.js:70210:34)
    at Object.getDocumentHighlights (/usr/share/code/resources/app/extensions/node_modules/typescript/lib/tsserver.js:70189:118)
    at getDocumentHighlights (/usr/share/code/resources/app/extensions/node_modules/typescript/lib/tsserver.js:84687:42)
    at Object.getOccurrencesAtPosition (/usr/share/code/resources/app/extensions/node_modules/typescript/lib/tsserver.js:84672:31)
    at IOSession.Session.getOccurrences (/usr/share/code/resources/app/extensions/node_modules/typescript/lib/tsserver.js:91137:64)
    at Session.handlers.ts.createMapFromTemplate._a.(anonymous function) (/usr/share/code/resources/app/extensions/node_modules/typescript/lib/tsserver.js:90743:61)
    at /usr/share/code/resources/app/extensions/node_modules/typescript/lib/tsserver.js:92067:88
    at IOSession.Session.executeWithRequestId (/usr/share/code/resources/app/extensions/node_modules/typescript/lib/tsserver.js:92058:28)
    at IOSession.Session.executeCommand (/usr/share/code/resources/app/extensions/node_modules/typescript/lib/tsserver.js:92067:33)
    at IOSession.Session.onMessage (/usr/share/code/resources/app/extensions/node_modules/typescript/lib/tsserver.js:92087:35)
    at Interface.<anonymous> (/usr/share/code/resources/app/extensions/node_modules/typescript/lib/tsserver.js:93288:27)
    at emitOne (events.js:96:13)
    at Interface.emit (events.js:191:7)
    at Interface._onLine (readline.js:241:10)
    at Interface._normalWrite (readline.js:384:12)
    at Socket.ondata (readline.js:101:10)
    at emitOne (events.js:96:13)
    at Socket.emit (events.js:191:7)
    at readableAddChunk (_stream_readable.js:178:18)
    at Socket.Readable.push (_stream_readable.js:136:10)
    at Pipe.onread (net.js:560:20)
[Error  - 1:41:46 PM] 'completions' request failed with error.
Error processing request. Cannot read property 'getChildren' of undefined
TypeError: Cannot read property 'getChildren' of undefined
    at Object.findChildOfKind (/usr/share/code/resources/app/extensions/node_modules/typescript/lib/tsserver.js:66252:25)
    at createCompletionEntry (/usr/share/code/resources/app/extensions/node_modules/typescript/lib/tsserver.js:68756:34)
    at getCompletionEntriesFromSymbols (/usr/share/code/resources/app/extensions/node_modules/typescript/lib/tsserver.js:68803:29)
    at completionInfoFromData (/usr/share/code/resources/app/extensions/node_modules/typescript/lib/tsserver.js:68701:35)
    at Object.getCompletionsAtPosition (/usr/share/code/resources/app/extensions/node_modules/typescript/lib/tsserver.js:68643:28)
    at Object.getCompletionsAtPosition (/usr/share/code/resources/app/extensions/node_modules/typescript/lib/tsserver.js:84590:35)
    at IOSession.Session.getCompletions (/usr/share/code/resources/app/extensions/node_modules/typescript/lib/tsserver.js:91577:64)
    at Session.handlers.ts.createMapFromTemplate._a.(anonymous function) (/usr/share/code/resources/app/extensions/node_modules/typescript/lib/tsserver.js:90645:61)
    at /usr/share/code/resources/app/extensions/node_modules/typescript/lib/tsserver.js:92067:88
    at IOSession.Session.executeWithRequestId (/usr/share/code/resources/app/extensions/node_modules/typescript/lib/tsserver.js:92058:28)
    at IOSession.Session.executeCommand (/usr/share/code/resources/app/extensions/node_modules/typescript/lib/tsserver.js:92067:33)
    at IOSession.Session.onMessage (/usr/share/code/resources/app/extensions/node_modules/typescript/lib/tsserver.js:92087:35)
    at Interface.<anonymous> (/usr/share/code/resources/app/extensions/node_modules/typescript/lib/tsserver.js:93288:27)
    at emitOne (events.js:96:13)
    at Interface.emit (events.js:191:7)
    at Interface._onLine (readline.js:241:10)
    at Interface._normalWrite (readline.js:384:12)
    at Socket.ondata (readline.js:101:10)
    at emitOne (events.js:96:13)
    at Socket.emit (events.js:191:7)
    at readableAddChunk (_stream_readable.js:178:18)
    at Socket.Readable.push (_stream_readable.js:136:10)
    at Pipe.onread (net.js:560:20)
